<?xml version="1.0" encoding="UTF-8"?>
<testng-results skipped="0" failed="0" ignored="0" total="4" passed="4">
  <reporter-output>
  </reporter-output>
  <suite name="com.Qa.test.DemoTest" duration-ms="58" started-at="2018-04-11T06:04:47Z" finished-at="2018-04-11T06:04:47Z">
    <groups>
    </groups>
    <test name="Command line test" duration-ms="58" started-at="2018-04-11T06:04:47Z" finished-at="2018-04-11T06:04:47Z">
      <class name="com.Qa.test.DemoTest">
        <test-method status="PASS" signature="div()[pri:0, instance:com.Qa.test.DemoTest@735f7ae5]" name="div" duration-ms="12" started-at="2018-04-11T06:04:47Z" finished-at="2018-04-11T06:04:47Z">
          <reporter-output>
          </reporter-output>
        </test-method> <!-- div -->
        <test-method status="PASS" signature="mul()[pri:0, instance:com.Qa.test.DemoTest@735f7ae5]" name="mul" duration-ms="1" started-at="2018-04-11T06:04:47Z" finished-at="2018-04-11T06:04:47Z">
          <reporter-output>
          </reporter-output>
        </test-method> <!-- mul -->
        <test-method status="PASS" signature="sub()[pri:0, instance:com.Qa.test.DemoTest@735f7ae5]" name="sub" duration-ms="0" started-at="2018-04-11T06:04:47Z" finished-at="2018-04-11T06:04:47Z">
          <reporter-output>
          </reporter-output>
        </test-method> <!-- sub -->
        <test-method status="PASS" signature="sum()[pri:0, instance:com.Qa.test.DemoTest@735f7ae5]" name="sum" duration-ms="1" started-at="2018-04-11T06:04:47Z" finished-at="2018-04-11T06:04:47Z">
          <reporter-output>
          </reporter-output>
        </test-method> <!-- sum -->
      </class> <!-- com.Qa.test.DemoTest -->
    </test> <!-- Command line test -->
  </suite> <!-- com.Qa.test.DemoTest -->
</testng-results>
