<?xml version="1.0" encoding="UTF-8"?>
<testng-results skipped="0" failed="0" total="1" passed="1">
  <reporter-output>
  </reporter-output>
  <suite name="Default suite" duration-ms="42097" started-at="2017-09-26T07:41:13Z" finished-at="2017-09-26T07:41:55Z">
    <groups>
    </groups>
    <test name="Default test" duration-ms="42097" started-at="2017-09-26T07:41:13Z" finished-at="2017-09-26T07:41:55Z">
      <class name="RobotClass.FileUpload">
        <test-method status="PASS" signature="fileUploadExa()[pri:0, instance:RobotClass.FileUpload@735b5592]" name="fileUploadExa" duration-ms="42053" started-at="2017-09-26T13:11:13Z" finished-at="2017-09-26T13:11:55Z">
          <reporter-output>
          </reporter-output>
        </test-method> <!-- fileUploadExa -->
      </class> <!-- RobotClass.FileUpload -->
    </test> <!-- Default test -->
  </suite> <!-- Default suite -->
</testng-results>
