<?xml version="1.0" encoding="UTF-8"?>
<!-- Generated by org.testng.reporters.JUnitXMLReporter -->
<testsuite hostname="DESKTOP-I44V9O6" ignored="0" name="Command line test" tests="4" failures="0" timestamp="11 Apr 2018 06:04:47 GMT" time="0.058" errors="0">
  <testcase name="div" time="0.012" classname="com.Qa.test.DemoTest"/>
  <testcase name="mul" time="0.001" classname="com.Qa.test.DemoTest"/>
  <testcase name="sub" time="0.0" classname="com.Qa.test.DemoTest"/>
  <testcase name="sum" time="0.001" classname="com.Qa.test.DemoTest"/>
</testsuite> <!-- Command line test -->
