<?xml version="1.0" encoding="UTF-8"?>
<testng-results skipped="0" failed="0" ignored="0" total="3" passed="3">
  <reporter-output>
  </reporter-output>
  <suite name="Default suite" duration-ms="7198" started-at="2018-08-18T16:44:02Z" finished-at="2018-08-18T16:44:10Z">
    <groups>
    </groups>
    <test name="Default test" duration-ms="7198" started-at="2018-08-18T16:44:02Z" finished-at="2018-08-18T16:44:10Z">
      <class name="pack1.ExcelProgramm">
        <test-method status="PASS" signature="CsvData()[pri:0, instance:pack1.ExcelProgramm@6043cd28]" name="CsvData" duration-ms="52" started-at="2018-08-18T22:14:03Z" finished-at="2018-08-18T22:14:03Z">
          <reporter-output>
          </reporter-output>
        </test-method> <!-- CsvData -->
        <test-method status="PASS" signature="readData()[pri:0, instance:pack1.ExcelProgramm@6043cd28]" name="readData" duration-ms="5798" started-at="2018-08-18T22:14:03Z" finished-at="2018-08-18T22:14:08Z">
          <reporter-output>
          </reporter-output>
        </test-method> <!-- readData -->
        <test-method status="PASS" signature="setData()[pri:0, instance:pack1.ExcelProgramm@6043cd28]" name="setData" duration-ms="1127" started-at="2018-08-18T22:14:08Z" finished-at="2018-08-18T22:14:10Z">
          <reporter-output>
          </reporter-output>
        </test-method> <!-- setData -->
      </class> <!-- pack1.ExcelProgramm -->
    </test> <!-- Default test -->
  </suite> <!-- Default suite -->
</testng-results>
