<?xml version="1.0" encoding="UTF-8"?>
<testng-results skipped="0" failed="1" ignored="0" total="2" passed="1">
  <reporter-output>
  </reporter-output>
  <suite name="Linkan AutomationSuites" duration-ms="18105" started-at="2018-04-26T08:48:00Z" finished-at="2018-04-26T08:48:18Z">
    <groups>
    </groups>
    <test name="FreeCrmTestCases" duration-ms="18105" started-at="2018-04-26T08:48:00Z" finished-at="2018-04-26T08:48:18Z">
      <class name="com.Qa.test.LoginTestNew">
        <test-method status="PASS" signature="launchUrlTest(java.lang.String, java.lang.String)[pri:1, instance:com.Qa.test.LoginTestNew@553a3d88]" name="launchUrlTest" duration-ms="18052" started-at="2018-04-26T08:48:00Z" finished-at="2018-04-26T08:48:18Z">
          <params>
            <param index="0">
              <value>
                <![CDATA[Firefox]]>
              </value>
            </param>
            <param index="1">
              <value>
                <![CDATA[https://www.freecrm.com/]]>
              </value>
            </param>
          </params>
          <reporter-output>
          </reporter-output>
        </test-method> <!-- launchUrlTest -->
        <test-method status="FAIL" signature="LoginTest(java.lang.String, java.lang.String)[pri:2, instance:com.Qa.test.LoginTestNew@553a3d88]" name="LoginTest" duration-ms="0" started-at="2018-04-26T08:48:18Z" finished-at="2018-04-26T08:48:18Z">
          <exception class="org.testng.TestNGException">
            <message>
              <![CDATA[
Parameter ' username' is required by @Test on method LoginTest but has not been marked @Optional or defined
in D:\programming\seleniumprogramming\MavenDemoTest\testng.xml]]>
            </message>
            <full-stacktrace>
              <![CDATA[org.testng.TestNGException: 
Parameter ' username' is required by @Test on method LoginTest but has not been marked @Optional or defined
in D:\programming\seleniumprogramming\MavenDemoTest\testng.xml
at org.testng.internal.Parameters.createParams(Parameters.java:290)
at org.testng.internal.Parameters.createParametersForMethod(Parameters.java:359)
at org.testng.internal.Parameters.createParameters(Parameters.java:620)
at org.testng.internal.Parameters.handleParameters(Parameters.java:769)
at org.testng.internal.ParameterHandler.handleParameters(ParameterHandler.java:49)
at org.testng.internal.ParameterHandler.createParameters(ParameterHandler.java:37)
at org.testng.internal.Invoker.invokeTestMethods(Invoker.java:923)
at org.testng.internal.TestMethodWorker.invokeTestMethods(TestMethodWorker.java:125)
at org.testng.internal.TestMethodWorker.run(TestMethodWorker.java:109)
at org.testng.TestRunner.privateRun(TestRunner.java:648)
at org.testng.TestRunner.run(TestRunner.java:505)
at org.testng.SuiteRunner.runTest(SuiteRunner.java:455)
at org.testng.SuiteRunner.runSequentially(SuiteRunner.java:450)
at org.testng.SuiteRunner.privateRun(SuiteRunner.java:415)
at org.testng.SuiteRunner.run(SuiteRunner.java:364)
at org.testng.SuiteRunnerWorker.runSuite(SuiteRunnerWorker.java:52)
at org.testng.SuiteRunnerWorker.run(SuiteRunnerWorker.java:84)
at org.testng.TestNG.runSuitesSequentially(TestNG.java:1208)
at org.testng.TestNG.runSuitesLocally(TestNG.java:1137)
at org.testng.TestNG.runSuites(TestNG.java:1049)
at org.testng.TestNG.run(TestNG.java:1017)
at org.testng.remote.AbstractRemoteTestNG.run(AbstractRemoteTestNG.java:114)
at org.testng.remote.RemoteTestNG.initAndRun(RemoteTestNG.java:251)
at org.testng.remote.RemoteTestNG.main(RemoteTestNG.java:77)
]]>
            </full-stacktrace>
          </exception> <!-- org.testng.TestNGException -->
          <reporter-output>
          </reporter-output>
        </test-method> <!-- LoginTest -->
      </class> <!-- com.Qa.test.LoginTestNew -->
    </test> <!-- FreeCrmTestCases -->
  </suite> <!-- Linkan AutomationSuites -->
</testng-results>
