<?xml version="1.0" encoding="UTF-8"?>
<!-- Generated by org.testng.reporters.JUnitXMLReporter -->
<testsuite hostname="DESKTOP-I44V9O6" ignored="0" name="Default test" tests="3" failures="0" timestamp="18 Aug 2018 16:44:10 GMT" time="7.198" errors="0">
  <testcase name="CsvData" time="0.052" classname="pack1.ExcelProgramm"/>
  <testcase name="readData" time="5.798" classname="pack1.ExcelProgramm"/>
  <testcase name="setData" time="1.127" classname="pack1.ExcelProgramm"/>
</testsuite> <!-- Default test -->
